<?xml version="1.0" encoding="UTF-8"?>
<testsuite xmlns:xsi="http://www.w3.org/2001/XMLSchema-instance" xsi:noNamespaceSchemaLocation="https://maven.apache.org/surefire/maven-surefire-plugin/xsd/surefire-test-report-3.0.xsd" version="3.0" name="TestSuite" time="31.957" tests="21" errors="0" skipped="0" failures="0">
  <properties>
    <property name="java.specification.version" value="15"/>
    <property name="sun.jnu.encoding" value="UTF-8"/>
    <property name="java.class.path" value="/Users/zarytskyi/Desktop/Java course/target/test-classes:/Users/zarytskyi/Desktop/Java course/target/classes:/Users/zarytskyi/.m2/repository/org/seleniumhq/selenium/selenium-java/3.141.59/selenium-java-3.141.59.jar:/Users/zarytskyi/.m2/repository/org/seleniumhq/selenium/selenium-api/3.141.59/selenium-api-3.141.59.jar:/Users/zarytskyi/.m2/repository/org/seleniumhq/selenium/selenium-chrome-driver/3.141.59/selenium-chrome-driver-3.141.59.jar:/Users/zarytskyi/.m2/repository/org/seleniumhq/selenium/selenium-edge-driver/3.141.59/selenium-edge-driver-3.141.59.jar:/Users/zarytskyi/.m2/repository/org/seleniumhq/selenium/selenium-firefox-driver/3.141.59/selenium-firefox-driver-3.141.59.jar:/Users/zarytskyi/.m2/repository/org/seleniumhq/selenium/selenium-ie-driver/3.141.59/selenium-ie-driver-3.141.59.jar:/Users/zarytskyi/.m2/repository/org/seleniumhq/selenium/selenium-opera-driver/3.141.59/selenium-opera-driver-3.141.59.jar:/Users/zarytskyi/.m2/repository/org/seleniumhq/selenium/selenium-remote-driver/3.141.59/selenium-remote-driver-3.141.59.jar:/Users/zarytskyi/.m2/repository/org/seleniumhq/selenium/selenium-safari-driver/3.141.59/selenium-safari-driver-3.141.59.jar:/Users/zarytskyi/.m2/repository/org/seleniumhq/selenium/selenium-support/3.141.59/selenium-support-3.141.59.jar:/Users/zarytskyi/.m2/repository/net/bytebuddy/byte-buddy/1.8.15/byte-buddy-1.8.15.jar:/Users/zarytskyi/.m2/repository/org/apache/commons/commons-exec/1.3/commons-exec-1.3.jar:/Users/zarytskyi/.m2/repository/com/google/guava/guava/25.0-jre/guava-25.0-jre.jar:/Users/zarytskyi/.m2/repository/com/google/code/findbugs/jsr305/1.3.9/jsr305-1.3.9.jar:/Users/zarytskyi/.m2/repository/org/checkerframework/checker-compat-qual/2.0.0/checker-compat-qual-2.0.0.jar:/Users/zarytskyi/.m2/repository/com/google/errorprone/error_prone_annotations/2.1.3/error_prone_annotations-2.1.3.jar:/Users/zarytskyi/.m2/repository/com/google/j2objc/j2objc-annotations/1.1/j2objc-annotations-1.1.jar:/Users/zarytskyi/.m2/repository/org/codehaus/mojo/animal-sniffer-annotations/1.14/animal-sniffer-annotations-1.14.jar:/Users/zarytskyi/.m2/repository/com/squareup/okhttp3/okhttp/3.11.0/okhttp-3.11.0.jar:/Users/zarytskyi/.m2/repository/com/squareup/okio/okio/1.14.0/okio-1.14.0.jar:/Users/zarytskyi/.m2/repository/org/testng/testng/6.14.3/testng-6.14.3.jar:/Users/zarytskyi/.m2/repository/com/beust/jcommander/1.72/jcommander-1.72.jar:/Users/zarytskyi/.m2/repository/org/apache-extras/beanshell/bsh/2.0b6/bsh-2.0b6.jar:/Users/zarytskyi/.m2/repository/org/apache/commons/commons-lang3/3.11/commons-lang3-3.11.jar:/Users/zarytskyi/.m2/repository/com/github/javafaker/javafaker/1.0.2/javafaker-1.0.2.jar:/Users/zarytskyi/.m2/repository/org/yaml/snakeyaml/1.23/snakeyaml-1.23-android.jar:/Users/zarytskyi/.m2/repository/com/github/mifmif/generex/1.0.2/generex-1.0.2.jar:/Users/zarytskyi/.m2/repository/dk/brics/automaton/automaton/1.11-8/automaton-1.11-8.jar:/Users/zarytskyi/.m2/repository/commons-io/commons-io/2.8.0/commons-io-2.8.0.jar:/Users/zarytskyi/.m2/repository/io/github/bonigarcia/webdrivermanager/4.3.1/webdrivermanager-4.3.1.jar:/Users/zarytskyi/.m2/repository/org/slf4j/slf4j-api/1.7.30/slf4j-api-1.7.30.jar:/Users/zarytskyi/.m2/repository/com/google/code/gson/gson/2.8.6/gson-2.8.6.jar:/Users/zarytskyi/.m2/repository/org/apache/httpcomponents/client5/httpclient5/5.0.3/httpclient5-5.0.3.jar:/Users/zarytskyi/.m2/repository/org/apache/httpcomponents/core5/httpcore5/5.0.2/httpcore5-5.0.2.jar:/Users/zarytskyi/.m2/repository/org/apache/httpcomponents/core5/httpcore5-h2/5.0.2/httpcore5-h2-5.0.2.jar:/Users/zarytskyi/.m2/repository/commons-codec/commons-codec/1.13/commons-codec-1.13.jar:/Users/zarytskyi/.m2/repository/org/rauschig/jarchivelib/1.1.0/jarchivelib-1.1.0.jar:/Users/zarytskyi/.m2/repository/org/apache/commons/commons-compress/1.20/commons-compress-1.20.jar:/Users/zarytskyi/.m2/repository/org/jsoup/jsoup/1.13.1/jsoup-1.13.1.jar:/Users/zarytskyi/.m2/repository/org/apache/maven/plugins/maven-compiler-plugin/3.8.1/maven-compiler-plugin-3.8.1.jar:/Users/zarytskyi/.m2/repository/org/apache/maven/maven-plugin-api/3.0/maven-plugin-api-3.0.jar:/Users/zarytskyi/.m2/repository/org/apache/maven/maven-model/3.0/maven-model-3.0.jar:/Users/zarytskyi/.m2/repository/org/sonatype/sisu/sisu-inject-plexus/1.4.2/sisu-inject-plexus-1.4.2.jar:/Users/zarytskyi/.m2/repository/org/sonatype/sisu/sisu-inject-bean/1.4.2/sisu-inject-bean-1.4.2.jar:/Users/zarytskyi/.m2/repository/org/sonatype/sisu/sisu-guice/2.1.7/sisu-guice-2.1.7-noaop.jar:/Users/zarytskyi/.m2/repository/org/apache/maven/maven-artifact/3.0/maven-artifact-3.0.jar:/Users/zarytskyi/.m2/repository/org/codehaus/plexus/plexus-utils/2.0.4/plexus-utils-2.0.4.jar:/Users/zarytskyi/.m2/repository/org/apache/maven/maven-core/3.0/maven-core-3.0.jar:/Users/zarytskyi/.m2/repository/org/apache/maven/maven-settings/3.0/maven-settings-3.0.jar:/Users/zarytskyi/.m2/repository/org/apache/maven/maven-settings-builder/3.0/maven-settings-builder-3.0.jar:/Users/zarytskyi/.m2/repository/org/apache/maven/maven-repository-metadata/3.0/maven-repository-metadata-3.0.jar:/Users/zarytskyi/.m2/repository/org/apache/maven/maven-model-builder/3.0/maven-model-builder-3.0.jar:/Users/zarytskyi/.m2/repository/org/apache/maven/maven-aether-provider/3.0/maven-aether-provider-3.0.jar:/Users/zarytskyi/.m2/repository/org/sonatype/aether/aether-impl/1.7/aether-impl-1.7.jar:/Users/zarytskyi/.m2/repository/org/sonatype/aether/aether-spi/1.7/aether-spi-1.7.jar:/Users/zarytskyi/.m2/repository/org/sonatype/aether/aether-api/1.7/aether-api-1.7.jar:/Users/zarytskyi/.m2/repository/org/sonatype/aether/aether-util/1.7/aether-util-1.7.jar:/Users/zarytskyi/.m2/repository/org/codehaus/plexus/plexus-interpolation/1.14/plexus-interpolation-1.14.jar:/Users/zarytskyi/.m2/repository/org/codehaus/plexus/plexus-classworlds/2.2.3/plexus-classworlds-2.2.3.jar:/Users/zarytskyi/.m2/repository/org/codehaus/plexus/plexus-component-annotations/1.5.5/plexus-component-annotations-1.5.5.jar:/Users/zarytskyi/.m2/repository/org/sonatype/plexus/plexus-sec-dispatcher/1.3/plexus-sec-dispatcher-1.3.jar:/Users/zarytskyi/.m2/repository/org/sonatype/plexus/plexus-cipher/1.4/plexus-cipher-1.4.jar:/Users/zarytskyi/.m2/repository/org/apache/maven/shared/maven-shared-utils/3.2.1/maven-shared-utils-3.2.1.jar:/Users/zarytskyi/.m2/repository/org/apache/maven/shared/maven-shared-incremental/1.1/maven-shared-incremental-1.1.jar:/Users/zarytskyi/.m2/repository/org/codehaus/plexus/plexus-java/0.9.10/plexus-java-0.9.10.jar:/Users/zarytskyi/.m2/repository/org/ow2/asm/asm/6.2/asm-6.2.jar:/Users/zarytskyi/.m2/repository/com/thoughtworks/qdox/qdox/2.0-M8/qdox-2.0-M8.jar:/Users/zarytskyi/.m2/repository/org/codehaus/plexus/plexus-compiler-api/2.8.4/plexus-compiler-api-2.8.4.jar:/Users/zarytskyi/.m2/repository/org/codehaus/plexus/plexus-compiler-manager/2.8.4/plexus-compiler-manager-2.8.4.jar:/Users/zarytskyi/.m2/repository/org/codehaus/plexus/plexus-compiler-javac/2.8.4/plexus-compiler-javac-2.8.4.jar:"/>
    <property name="java.vm.vendor" value="Oracle Corporation"/>
    <property name="sun.arch.data.model" value="64"/>
    <property name="java.vendor.url" value="https://openjdk.java.net/"/>
    <property name="os.name" value="Mac OS X"/>
    <property name="java.vm.specification.version" value="15"/>
    <property name="sun.java.launcher" value="SUN_STANDARD"/>
    <property name="user.country" value="US"/>
    <property name="sun.boot.library.path" value="/usr/local/Cellar/openjdk/15.0.1/libexec/openjdk.jdk/Contents/Home/lib"/>
    <property name="sun.java.command" value="/Users/zarytskyi/Desktop/Java course/target/surefire/surefirebooter10721730068633975157.jar /Users/zarytskyi/Desktop/Java course/target/surefire 2021-02-24T22-42-00_428-jvmRun1 surefire11103946347916356156tmp surefire_08715663389813675514tmp"/>
    <property name="http.nonProxyHosts" value="local|*.local|169.254/16|*.169.254/16"/>
    <property name="jdk.debug" value="release"/>
    <property name="surefire.test.class.path" value="/Users/zarytskyi/Desktop/Java course/target/test-classes:/Users/zarytskyi/Desktop/Java course/target/classes:/Users/zarytskyi/.m2/repository/org/seleniumhq/selenium/selenium-java/3.141.59/selenium-java-3.141.59.jar:/Users/zarytskyi/.m2/repository/org/seleniumhq/selenium/selenium-api/3.141.59/selenium-api-3.141.59.jar:/Users/zarytskyi/.m2/repository/org/seleniumhq/selenium/selenium-chrome-driver/3.141.59/selenium-chrome-driver-3.141.59.jar:/Users/zarytskyi/.m2/repository/org/seleniumhq/selenium/selenium-edge-driver/3.141.59/selenium-edge-driver-3.141.59.jar:/Users/zarytskyi/.m2/repository/org/seleniumhq/selenium/selenium-firefox-driver/3.141.59/selenium-firefox-driver-3.141.59.jar:/Users/zarytskyi/.m2/repository/org/seleniumhq/selenium/selenium-ie-driver/3.141.59/selenium-ie-driver-3.141.59.jar:/Users/zarytskyi/.m2/repository/org/seleniumhq/selenium/selenium-opera-driver/3.141.59/selenium-opera-driver-3.141.59.jar:/Users/zarytskyi/.m2/repository/org/seleniumhq/selenium/selenium-remote-driver/3.141.59/selenium-remote-driver-3.141.59.jar:/Users/zarytskyi/.m2/repository/org/seleniumhq/selenium/selenium-safari-driver/3.141.59/selenium-safari-driver-3.141.59.jar:/Users/zarytskyi/.m2/repository/org/seleniumhq/selenium/selenium-support/3.141.59/selenium-support-3.141.59.jar:/Users/zarytskyi/.m2/repository/net/bytebuddy/byte-buddy/1.8.15/byte-buddy-1.8.15.jar:/Users/zarytskyi/.m2/repository/org/apache/commons/commons-exec/1.3/commons-exec-1.3.jar:/Users/zarytskyi/.m2/repository/com/google/guava/guava/25.0-jre/guava-25.0-jre.jar:/Users/zarytskyi/.m2/repository/com/google/code/findbugs/jsr305/1.3.9/jsr305-1.3.9.jar:/Users/zarytskyi/.m2/repository/org/checkerframework/checker-compat-qual/2.0.0/checker-compat-qual-2.0.0.jar:/Users/zarytskyi/.m2/repository/com/google/errorprone/error_prone_annotations/2.1.3/error_prone_annotations-2.1.3.jar:/Users/zarytskyi/.m2/repository/com/google/j2objc/j2objc-annotations/1.1/j2objc-annotations-1.1.jar:/Users/zarytskyi/.m2/repository/org/codehaus/mojo/animal-sniffer-annotations/1.14/animal-sniffer-annotations-1.14.jar:/Users/zarytskyi/.m2/repository/com/squareup/okhttp3/okhttp/3.11.0/okhttp-3.11.0.jar:/Users/zarytskyi/.m2/repository/com/squareup/okio/okio/1.14.0/okio-1.14.0.jar:/Users/zarytskyi/.m2/repository/org/testng/testng/6.14.3/testng-6.14.3.jar:/Users/zarytskyi/.m2/repository/com/beust/jcommander/1.72/jcommander-1.72.jar:/Users/zarytskyi/.m2/repository/org/apache-extras/beanshell/bsh/2.0b6/bsh-2.0b6.jar:/Users/zarytskyi/.m2/repository/org/apache/commons/commons-lang3/3.11/commons-lang3-3.11.jar:/Users/zarytskyi/.m2/repository/com/github/javafaker/javafaker/1.0.2/javafaker-1.0.2.jar:/Users/zarytskyi/.m2/repository/org/yaml/snakeyaml/1.23/snakeyaml-1.23-android.jar:/Users/zarytskyi/.m2/repository/com/github/mifmif/generex/1.0.2/generex-1.0.2.jar:/Users/zarytskyi/.m2/repository/dk/brics/automaton/automaton/1.11-8/automaton-1.11-8.jar:/Users/zarytskyi/.m2/repository/commons-io/commons-io/2.8.0/commons-io-2.8.0.jar:/Users/zarytskyi/.m2/repository/io/github/bonigarcia/webdrivermanager/4.3.1/webdrivermanager-4.3.1.jar:/Users/zarytskyi/.m2/repository/org/slf4j/slf4j-api/1.7.30/slf4j-api-1.7.30.jar:/Users/zarytskyi/.m2/repository/com/google/code/gson/gson/2.8.6/gson-2.8.6.jar:/Users/zarytskyi/.m2/repository/org/apache/httpcomponents/client5/httpclient5/5.0.3/httpclient5-5.0.3.jar:/Users/zarytskyi/.m2/repository/org/apache/httpcomponents/core5/httpcore5/5.0.2/httpcore5-5.0.2.jar:/Users/zarytskyi/.m2/repository/org/apache/httpcomponents/core5/httpcore5-h2/5.0.2/httpcore5-h2-5.0.2.jar:/Users/zarytskyi/.m2/repository/commons-codec/commons-codec/1.13/commons-codec-1.13.jar:/Users/zarytskyi/.m2/repository/org/rauschig/jarchivelib/1.1.0/jarchivelib-1.1.0.jar:/Users/zarytskyi/.m2/repository/org/apache/commons/commons-compress/1.20/commons-compress-1.20.jar:/Users/zarytskyi/.m2/repository/org/jsoup/jsoup/1.13.1/jsoup-1.13.1.jar:/Users/zarytskyi/.m2/repository/org/apache/maven/plugins/maven-compiler-plugin/3.8.1/maven-compiler-plugin-3.8.1.jar:/Users/zarytskyi/.m2/repository/org/apache/maven/maven-plugin-api/3.0/maven-plugin-api-3.0.jar:/Users/zarytskyi/.m2/repository/org/apache/maven/maven-model/3.0/maven-model-3.0.jar:/Users/zarytskyi/.m2/repository/org/sonatype/sisu/sisu-inject-plexus/1.4.2/sisu-inject-plexus-1.4.2.jar:/Users/zarytskyi/.m2/repository/org/sonatype/sisu/sisu-inject-bean/1.4.2/sisu-inject-bean-1.4.2.jar:/Users/zarytskyi/.m2/repository/org/sonatype/sisu/sisu-guice/2.1.7/sisu-guice-2.1.7-noaop.jar:/Users/zarytskyi/.m2/repository/org/apache/maven/maven-artifact/3.0/maven-artifact-3.0.jar:/Users/zarytskyi/.m2/repository/org/codehaus/plexus/plexus-utils/2.0.4/plexus-utils-2.0.4.jar:/Users/zarytskyi/.m2/repository/org/apache/maven/maven-core/3.0/maven-core-3.0.jar:/Users/zarytskyi/.m2/repository/org/apache/maven/maven-settings/3.0/maven-settings-3.0.jar:/Users/zarytskyi/.m2/repository/org/apache/maven/maven-settings-builder/3.0/maven-settings-builder-3.0.jar:/Users/zarytskyi/.m2/repository/org/apache/maven/maven-repository-metadata/3.0/maven-repository-metadata-3.0.jar:/Users/zarytskyi/.m2/repository/org/apache/maven/maven-model-builder/3.0/maven-model-builder-3.0.jar:/Users/zarytskyi/.m2/repository/org/apache/maven/maven-aether-provider/3.0/maven-aether-provider-3.0.jar:/Users/zarytskyi/.m2/repository/org/sonatype/aether/aether-impl/1.7/aether-impl-1.7.jar:/Users/zarytskyi/.m2/repository/org/sonatype/aether/aether-spi/1.7/aether-spi-1.7.jar:/Users/zarytskyi/.m2/repository/org/sonatype/aether/aether-api/1.7/aether-api-1.7.jar:/Users/zarytskyi/.m2/repository/org/sonatype/aether/aether-util/1.7/aether-util-1.7.jar:/Users/zarytskyi/.m2/repository/org/codehaus/plexus/plexus-interpolation/1.14/plexus-interpolation-1.14.jar:/Users/zarytskyi/.m2/repository/org/codehaus/plexus/plexus-classworlds/2.2.3/plexus-classworlds-2.2.3.jar:/Users/zarytskyi/.m2/repository/org/codehaus/plexus/plexus-component-annotations/1.5.5/plexus-component-annotations-1.5.5.jar:/Users/zarytskyi/.m2/repository/org/sonatype/plexus/plexus-sec-dispatcher/1.3/plexus-sec-dispatcher-1.3.jar:/Users/zarytskyi/.m2/repository/org/sonatype/plexus/plexus-cipher/1.4/plexus-cipher-1.4.jar:/Users/zarytskyi/.m2/repository/org/apache/maven/shared/maven-shared-utils/3.2.1/maven-shared-utils-3.2.1.jar:/Users/zarytskyi/.m2/repository/org/apache/maven/shared/maven-shared-incremental/1.1/maven-shared-incremental-1.1.jar:/Users/zarytskyi/.m2/repository/org/codehaus/plexus/plexus-java/0.9.10/plexus-java-0.9.10.jar:/Users/zarytskyi/.m2/repository/org/ow2/asm/asm/6.2/asm-6.2.jar:/Users/zarytskyi/.m2/repository/com/thoughtworks/qdox/qdox/2.0-M8/qdox-2.0-M8.jar:/Users/zarytskyi/.m2/repository/org/codehaus/plexus/plexus-compiler-api/2.8.4/plexus-compiler-api-2.8.4.jar:/Users/zarytskyi/.m2/repository/org/codehaus/plexus/plexus-compiler-manager/2.8.4/plexus-compiler-manager-2.8.4.jar:/Users/zarytskyi/.m2/repository/org/codehaus/plexus/plexus-compiler-javac/2.8.4/plexus-compiler-javac-2.8.4.jar:"/>
    <property name="sun.cpu.endian" value="little"/>
    <property name="user.home" value="/Users/zarytskyi"/>
    <property name="user.language" value="en"/>
    <property name="java.specification.vendor" value="Oracle Corporation"/>
    <property name="java.version.date" value="2020-10-20"/>
    <property name="java.home" value="/usr/local/Cellar/openjdk/15.0.1/libexec/openjdk.jdk/Contents/Home"/>
    <property name="file.separator" value="/"/>
    <property name="basedir" value="/Users/zarytskyi/Desktop/Java course"/>
    <property name="java.vm.compressedOopsMode" value="Zero based"/>
    <property name="line.separator" value="&#10;"/>
    <property name="java.specification.name" value="Java Platform API Specification"/>
    <property name="java.vm.specification.vendor" value="Oracle Corporation"/>
    <property name="surefire.real.class.path" value="/Users/zarytskyi/Desktop/Java course/target/surefire/surefirebooter10721730068633975157.jar"/>
    <property name="sun.management.compiler" value="HotSpot 64-Bit Tiered Compilers"/>
    <property name="ftp.nonProxyHosts" value="local|*.local|169.254/16|*.169.254/16"/>
    <property name="java.runtime.version" value="15.0.1+9"/>
    <property name="user.name" value="zarytskyi"/>
    <property name="path.separator" value=":"/>
    <property name="os.version" value="11.1"/>
    <property name="java.runtime.name" value="OpenJDK Runtime Environment"/>
    <property name="file.encoding" value="UTF-8"/>
    <property name="java.vm.name" value="OpenJDK 64-Bit Server VM"/>
    <property name="localRepository" value="/Users/zarytskyi/.m2/repository"/>
    <property name="java.vendor.url.bug" value="https://bugreport.java.com/bugreport/"/>
    <property name="java.io.tmpdir" value="/var/folders/99/cdzn2rvn01ngss2gvrc9b8bc0000gn/T/"/>
    <property name="java.version" value="15.0.1"/>
    <property name="user.dir" value="/Users/zarytskyi/Desktop/Java course"/>
    <property name="os.arch" value="x86_64"/>
    <property name="java.vm.specification.name" value="Java Virtual Machine Specification"/>
    <property name="java.library.path" value="/Users/zarytskyi/Library/Java/Extensions:/Library/Java/Extensions:/Network/Library/Java/Extensions:/System/Library/Java/Extensions:/usr/lib/java:."/>
    <property name="java.vm.info" value="mixed mode, sharing"/>
    <property name="java.vendor" value="N/A"/>
    <property name="java.vm.version" value="15.0.1+9"/>
    <property name="sun.io.unicode.encoding" value="UnicodeBig"/>
    <property name="socksNonProxyHosts" value="local|*.local|169.254/16|*.169.254/16"/>
    <property name="java.class.version" value="59.0"/>
  </properties>
  <testcase name="loginTest_WrongCredentials_redFrameA" classname="pageObjectTests.LoginTestA" time="2.055"/>
  <testcase name="loginTest_CorrectCredentials_successfulLogin1" classname="pageObjectTests.LoginTest" time="1.941"/>
  <testcase name="playListTests_createPlayList_playListCreatedA" classname="pageObjectTests.PlaylistTestA" time="2.056"/>
  <testcase name="playListTests_createPlayList_playListCreated" classname="pageObjectTests.PlaylistTest" time="2.301"/>
  <testcase name="loginTest_WrongCredentials_redFrame1" classname="pageObjectTests.LoginTest" time="1.202"/>
  <testcase name="loginTest_CorrectCredentials_successfulLogin1A" classname="pageObjectTests.LoginTestA" time="0.322"/>
  <testcase name="loginTest_WrongCredentials_redFrame1A" classname="pageObjectTests.LoginTestA" time="1.669"/>
  <testcase name="playListTests_renamePlaylist_playListRenamedA" classname="pageObjectTests.PlaylistTestA" time="1.679"/>
  <testcase name="playListTests_renamePlaylist_playListRenamed" classname="pageObjectTests.PlaylistTest" time="2.348"/>
  <testcase name="loginTest_CorrectCredentials_successfulLogin2" classname="pageObjectTests.LoginTest" time="0.36"/>
  <testcase name="playListTests_createPlayList_playListCreated1A" classname="pageObjectTests.PlaylistTestA" time="1.414"/>
  <testcase name="loginTest_WrongCredentials_redFrame2" classname="pageObjectTests.LoginTest" time="1.618"/>
  <testcase name="loginTest_CorrectCredentials_successfulLogin2A" classname="pageObjectTests.LoginTestA" time="1.899"/>
  <testcase name="playListTests_createPlayList_playListCreated1" classname="pageObjectTests.PlaylistTest" time="0.253"/>
  <testcase name="loginTest_WrongCredentials_redFrame2A" classname="pageObjectTests.LoginTestA" time="0.565"/>
  <testcase name="playListTests_renamePlaylist_playListRenamed1A" classname="pageObjectTests.PlaylistTestA" time="3.017"/>
  <testcase name="playListTests_renamePlaylist_playListRenamed1" classname="pageObjectTests.PlaylistTest" time="0.194"/>
  <testcase name="playListTests_createPlayList_playListCreated2A" classname="pageObjectTests.PlaylistTestA" time="2.917"/>
  <testcase name="playListTests_createPlayList_playListCreated2" classname="pageObjectTests.PlaylistTest" time="3.461"/>
  <testcase name="playListTests_renamePlaylist_playListRenamed2A" classname="pageObjectTests.PlaylistTestA" time="2.985"/>
  <testcase name="playListTests_renamePlaylist_playListRenamed2" classname="pageObjectTests.PlaylistTest" time="3.498"/>
</testsuite>