<?xml version="1.0" encoding="UTF-8"?>
<!-- Generated by org.testng.reporters.JUnitReportReporter -->
<testsuite hostname="Romans-MBP" failures="0" tests="5" name="pageObjectTests.LoginTestA" time="21.679" errors="0" timestamp="11 Mar 2021 03:51:27 GMT" skipped="0">
  <testcase classname="pageObjectTests.LoginTestA" name="loginTest_CorrectCredentials_successfulLogin2A" time="6.267"/>
  <testcase classname="pageObjectTests.LoginTestA" name="loginTest_WrongCredentials_redFrame2A" time="4.337"/>
  <testcase classname="pageObjectTests.LoginTestA" name="loginTest_WrongCredentials_redFrame1A" time="2.391"/>
  <testcase classname="pageObjectTests.LoginTestA" name="loginTest_WrongCredentials_redFrameA" time="3.050"/>
  <testcase classname="pageObjectTests.LoginTestA" name="loginTest_CorrectCredentials_successfulLogin1A" time="5.634"/>
</testsuite> <!-- pageObjectTests.LoginTestA -->
