<?xml version="1.0" encoding="UTF-8"?>
<!-- Generated by org.testng.reporters.JUnitReportReporter -->
<testsuite hostname="Romans-MBP" failures="0" tests="4" name="pageObjectTests.LoginTest" time="28.635" errors="0" timestamp="24 Feb 2021 05:30:04 GMT">
  <testcase classname="pageObjectTests.LoginTest" name="loginTest_WrongCredentials_redFrame1" time="9.098"/>
  <testcase classname="pageObjectTests.LoginTest" name="loginTest_WrongCredentials_redFrame2" time="4.796"/>
  <testcase classname="pageObjectTests.LoginTest" name="loginTest_CorrectCredentials_successfulLogin1" time="8.666"/>
  <testcase classname="pageObjectTests.LoginTest" name="loginTest_CorrectCredentials_successfulLogin2" time="6.075"/>
</testsuite> <!-- pageObjectTests.LoginTest -->
