<?xml version="1.0" encoding="UTF-8"?>
<!-- Generated by org.testng.reporters.JUnitReportReporter -->
<testsuite hostname="Romans-MBP" failures="0" tests="6" name="pageObjectTests.PlaylistTestA" time="45.866" errors="0" timestamp="24 Feb 2021 05:30:04 GMT">
  <testcase classname="pageObjectTests.PlaylistTestA" name="playListTests_createPlayList_playListCreated1A" time="6.792"/>
  <testcase classname="pageObjectTests.PlaylistTestA" name="playListTests_renamePlaylist_playListRenamed1A" time="6.512"/>
  <testcase classname="pageObjectTests.PlaylistTestA" name="playListTests_renamePlaylist_playListRenamedA" time="6.874"/>
  <testcase classname="pageObjectTests.PlaylistTestA" name="playListTests_renamePlaylist_playListRenamed2A" time="6.608"/>
  <testcase classname="pageObjectTests.PlaylistTestA" name="playListTests_createPlayList_playListCreated2A" time="6.139"/>
  <testcase classname="pageObjectTests.PlaylistTestA" name="playListTests_createPlayList_playListCreatedA" time="12.941"/>
</testsuite> <!-- pageObjectTests.PlaylistTestA -->
