<?xml version="1.0" encoding="UTF-8"?>
<!-- Generated by org.testng.reporters.JUnitReportReporter -->
<testsuite hostname="Romans-MBP" failures="0" tests="5" name="pageObjectTests.LoginTest" time="18.416" errors="0" timestamp="11 Mar 2021 03:51:27 GMT" skipped="1">
  <testcase classname="pageObjectTests.LoginTest" name="loginTest_CorrectCredentials_successfulLogin1" time="5.901"/>
  <testcase classname="pageObjectTests.LoginTest" name="loginTest_WrongCredentials_redFrame2" time="2.786"/>
  <testcase classname="pageObjectTests.LoginTest" name="loginTest_CorrectCredentials_successfulLogin2" time="7.775"/>
  <testcase classname="pageObjectTests.LoginTest" name="loginTest_WrongCredentials_redFrame1" time="1.954"/>
  <testcase classname="pageObjectTests.LoginTest" name="loginTest_WrongCredentials_redFrame">
    <skipped/>
  </testcase> <!-- loginTest_WrongCredentials_redFrame -->
</testsuite> <!-- pageObjectTests.LoginTest -->
