<?xml version="1.0" encoding="UTF-8"?>
<!-- Generated by org.testng.reporters.JUnitReportReporter -->
<testsuite hostname="Romans-MBP" failures="0" tests="6" name="pageObjectTests.PlaylistTestA" time="31.163" errors="0" timestamp="11 Mar 2021 03:51:27 GMT" skipped="0">
  <testcase classname="pageObjectTests.PlaylistTestA" name="playListTests_renamePlaylist_playListRenamedA" time="6.223"/>
  <testcase classname="pageObjectTests.PlaylistTestA" name="playListTests_createPlayList_playListCreatedA" time="5.849"/>
  <testcase classname="pageObjectTests.PlaylistTestA" name="playListTests_renamePlaylist_playListRenamed2A" time="3.837"/>
  <testcase classname="pageObjectTests.PlaylistTestA" name="playListTests_createPlayList_playListCreated1A" time="5.183"/>
  <testcase classname="pageObjectTests.PlaylistTestA" name="playListTests_createPlayList_playListCreated2A" time="3.448"/>
  <testcase classname="pageObjectTests.PlaylistTestA" name="playListTests_renamePlaylist_playListRenamed1A" time="6.623"/>
</testsuite> <!-- pageObjectTests.PlaylistTestA -->
