<?xml version="1.0" encoding="UTF-8"?>
<!-- Generated by org.testng.reporters.JUnitReportReporter -->
<testsuite hostname="Romans-MBP" failures="0" tests="6" name="pageObjectTests.PlaylistTest" time="45.587" errors="0" timestamp="24 Feb 2021 05:30:04 GMT">
  <testcase classname="pageObjectTests.PlaylistTest" name="playListTests_renamePlaylist_playListRenamed2" time="6.405"/>
  <testcase classname="pageObjectTests.PlaylistTest" name="playListTests_createPlayList_playListCreated1" time="6.637"/>
  <testcase classname="pageObjectTests.PlaylistTest" name="playListTests_createPlayList_playListCreated" time="8.512"/>
  <testcase classname="pageObjectTests.PlaylistTest" name="playListTests_renamePlaylist_playListRenamed1" time="10.880"/>
  <testcase classname="pageObjectTests.PlaylistTest" name="playListTests_renamePlaylist_playListRenamed" time="7.060"/>
  <testcase classname="pageObjectTests.PlaylistTest" name="playListTests_createPlayList_playListCreated2" time="6.093"/>
</testsuite> <!-- pageObjectTests.PlaylistTest -->
