<?xml version="1.0" encoding="UTF-8"?>
<!-- Generated by org.testng.reporters.JUnitReportReporter -->
<testsuite hostname="Romans-MBP" failures="0" tests="5" name="pageObjectTests.LoginTestA" time="32.839" errors="0" timestamp="24 Feb 2021 05:30:04 GMT">
  <testcase classname="pageObjectTests.LoginTestA" name="loginTest_CorrectCredentials_successfulLogin2A" time="6.858"/>
  <testcase classname="pageObjectTests.LoginTestA" name="loginTest_WrongCredentials_redFrame1A" time="8.978"/>
  <testcase classname="pageObjectTests.LoginTestA" name="loginTest_CorrectCredentials_successfulLogin1A" time="6.575"/>
  <testcase classname="pageObjectTests.LoginTestA" name="loginTest_WrongCredentials_redFrame2A" time="4.724"/>
  <testcase classname="pageObjectTests.LoginTestA" name="loginTest_WrongCredentials_redFrameA" time="5.704"/>
</testsuite> <!-- pageObjectTests.LoginTestA -->
