<?xml version="1.0" encoding="UTF-8"?>
<!-- Generated by org.testng.reporters.JUnitReportReporter -->
<testsuite hostname="Romans-MBP" failures="0" tests="6" name="pageObjectTests.PlaylistTest" time="31.255" errors="0" timestamp="11 Mar 2021 03:51:27 GMT" skipped="0">
  <testcase classname="pageObjectTests.PlaylistTest" name="playListTests_createPlayList_playListCreated2" time="3.477"/>
  <testcase classname="pageObjectTests.PlaylistTest" name="playListTests_renamePlaylist_playListRenamed2" time="3.856"/>
  <testcase classname="pageObjectTests.PlaylistTest" name="playListTests_renamePlaylist_playListRenamed" time="8.167"/>
  <testcase classname="pageObjectTests.PlaylistTest" name="playListTests_createPlayList_playListCreated" time="6.172"/>
  <testcase classname="pageObjectTests.PlaylistTest" name="playListTests_renamePlaylist_playListRenamed1" time="4.251"/>
  <testcase classname="pageObjectTests.PlaylistTest" name="playListTests_createPlayList_playListCreated1" time="5.332"/>
</testsuite> <!-- pageObjectTests.PlaylistTest -->
