<?xml version="1.0" encoding="UTF-8"?>
<!-- Generated by org.testng.reporters.JUnitReportReporter -->
<testsuite hostname="Romans-MBP" failures="0" tests="5" name="pageObjectTests.LoginTest" time="18.240" errors="0" timestamp="25 Feb 2021 06:42:32 GMT" skipped="1">
  <testcase classname="pageObjectTests.LoginTest" name="loginTest_WrongCredentials_redFrame2" time="2.190"/>
  <testcase classname="pageObjectTests.LoginTest" name="loginTest_WrongCredentials_redFrame1" time="2.767"/>
  <testcase classname="pageObjectTests.LoginTest" name="loginTest_CorrectCredentials_successfulLogin1" time="6.476"/>
  <testcase classname="pageObjectTests.LoginTest" name="loginTest_CorrectCredentials_successfulLogin2" time="6.807"/>
  <testcase classname="pageObjectTests.LoginTest" name="loginTest_WrongCredentials_redFrame">
    <skipped/>
  </testcase> <!-- loginTest_WrongCredentials_redFrame -->
</testsuite> <!-- pageObjectTests.LoginTest -->
