<?xml version="1.0" encoding="UTF-8"?>
<!-- Generated by org.testng.reporters.JUnitReportReporter -->
<testsuite hostname="Romans-MBP" failures="0" tests="6" name="pageObjectTests.PlaylistTestA" time="31.109" errors="0" timestamp="25 Feb 2021 06:42:32 GMT" skipped="0">
  <testcase classname="pageObjectTests.PlaylistTestA" name="playListTests_createPlayList_playListCreated2A" time="4.218"/>
  <testcase classname="pageObjectTests.PlaylistTestA" name="playListTests_renamePlaylist_playListRenamed2A" time="4.366"/>
  <testcase classname="pageObjectTests.PlaylistTestA" name="playListTests_renamePlaylist_playListRenamedA" time="5.463"/>
  <testcase classname="pageObjectTests.PlaylistTestA" name="playListTests_renamePlaylist_playListRenamed1A" time="6.169"/>
  <testcase classname="pageObjectTests.PlaylistTestA" name="playListTests_createPlayList_playListCreatedA" time="6.380"/>
  <testcase classname="pageObjectTests.PlaylistTestA" name="playListTests_createPlayList_playListCreated1A" time="4.513"/>
</testsuite> <!-- pageObjectTests.PlaylistTestA -->
