<?xml version="1.0" encoding="UTF-8"?>
<!-- Generated by org.testng.reporters.JUnitReportReporter -->
<testsuite hostname="Romans-MBP" failures="0" tests="5" name="pageObjectTests.LoginTestA" time="20.360" errors="0" timestamp="25 Feb 2021 06:42:32 GMT" skipped="0">
  <testcase classname="pageObjectTests.LoginTestA" name="loginTest_CorrectCredentials_successfulLogin1A" time="6.150"/>
  <testcase classname="pageObjectTests.LoginTestA" name="loginTest_WrongCredentials_redFrameA" time="3.551"/>
  <testcase classname="pageObjectTests.LoginTestA" name="loginTest_WrongCredentials_redFrame2A" time="1.766"/>
  <testcase classname="pageObjectTests.LoginTestA" name="loginTest_CorrectCredentials_successfulLogin2A" time="5.078"/>
  <testcase classname="pageObjectTests.LoginTestA" name="loginTest_WrongCredentials_redFrame1A" time="3.815"/>
</testsuite> <!-- pageObjectTests.LoginTestA -->
